Collecting duct begin
CCD start
sup PCT start
sup PT cell number: 20
sup PT cell number: 40
sup PT cell number: 60
sup PT cell number: 80
sup PT cell number: 100
sup PT cell number: 120
sup PT cell number: 140
sup PT cell number: 160
Computation Time for sup PT = 30.499868


sup PCT finished.


sup S3 start
sup S3 cell number: 20
Computation Time for sup S3 = 11.258095


sup S3 finished.


sup SDL start
sup SDL cell number: 20
sup SDL cell number: 40
sup SDL cell number: 60
sup SDL cell number: 80
sup SDL cell number: 100
sup SDL cell number: 120
sup SDL cell number: 140
sup SDL cell number: 160
sup SDL cell number: 180
Computation Time for sup SDL = 30.910240


sup SDL finished.


sup mTAL start
sup mTAL cell number: 20
sup mTAL cell number: 40
sup mTAL cell number: 60
sup mTAL cell number: 80
sup mTAL cell number: 100
sup mTAL cell number: 120
sup mTAL cell number: 140
sup mTAL cell number: 160
sup mTAL cell number: 180
Computation Time for sup mTAL = 130.150138


sup mTAL finished.


sup cTAL start
sup cTAL cell number: 20
sup cTAL cell number: 40
sup cTAL cell number: 60
sup cTAL cell number: 80
sup cTAL cell number: 100
sup cTAL cell number: 120
sup cTAL cell number: 140
Warning!!: Newton solver did not converge in <150 iterations in sup cTAL cell number 150

error size: 0.96784810487


sup cTAL cell number: 160
sup cTAL cell number: 180
Computation Time for sup cTAL = 129.852178


sup cTAL finished.


sup DCT start
sup DCT cell number: 20
sup DCT cell number: 40
sup DCT cell number: 60
sup DCT cell number: 80
sup DCT cell number: 100
sup DCT cell number: 120
sup DCT cell number: 140
sup DCT cell number: 160
sup DCT cell number: 180
Computation Time for sup DCT = 121.635963


sup DCT finished.


sup CNT start
sup CNT cell number: 20
sup CNT cell number: 40
sup CNT cell number: 60
sup CNT cell number: 80
sup CNT cell number: 100
sup CNT cell number: 120
sup CNT cell number: 140
sup CNT cell number: 160
sup CNT cell number: 180
Computation Time for sup CNT = 2597.142287


sup CNT finished.
sup finished.


jux1 PCT start
jux1 PT cell number: 20
jux1 PT cell number: 40
jux1 PT cell number: 60
jux1 PT cell number: 80
jux1 PT cell number: 100
jux1 PT cell number: 120
jux1 PT cell number: 140
jux1 PT cell number: 160
Computation Time for jux1 PT = 32.687651


jux1 PCT finished.


jux1 S3 start
jux1 S3 cell number: 20
Computation Time for jux1 S3 = 11.567191


jux1 S3 finished.


jux1 SDL start
jux1 SDL cell number: 20
jux1 SDL cell number: 40
jux1 SDL cell number: 60
jux1 SDL cell number: 80
jux1 SDL cell number: 100
jux1 SDL cell number: 120
jux1 SDL cell number: 140
jux1 SDL cell number: 160
jux1 SDL cell number: 180
Computation Time for jux1 SDL = 26.275976


jux1 SDL finished.


jux1 LDL start
Warning!!: Newton solver did not converge in <150 iterations in jux1 LDL cell number 10

error size: 1.80498049841


jux1 LDL cell number: 20
jux1 LDL cell number: 40
jux1 LDL cell number: 60
Warning!!: Newton solver did not converge in <150 iterations in jux1 LDL cell number 59

error size: 3.27184231099


jux1 LDL cell number: 80
jux1 LDL cell number: 100
jux1 LDL cell number: 120
jux1 LDL cell number: 140
jux1 LDL cell number: 160
jux1 LDL cell number: 180
Computation Time for jux1 LDL = 146.587957


jux1 LDL finished.


jux1 LAL start
jux1 LAL cell number: 20
jux1 LAL cell number: 40
jux1 LAL cell number: 60
Warning!!: Newton solver did not converge in <150 iterations in jux1 LAL cell number 69

error size: 2.56376556163


jux1 LAL cell number: 80
jux1 LAL cell number: 100
jux1 LAL cell number: 120
jux1 LAL cell number: 140
jux1 LAL cell number: 160
jux1 LAL cell number: 180
Warning!!: Newton solver did not converge in <150 iterations in jux1 LAL cell number 191

error size: 0.742908394056


Warning!!: Newton solver did not converge in <150 iterations in jux1 LAL cell number 192

error size: 0.742673496244


Warning!!: Newton solver did not converge in <150 iterations in jux1 LAL cell number 193

error size: 0.742439399748


Warning!!: Newton solver did not converge in <150 iterations in jux1 LAL cell number 194

error size: 0.74220611648


Computation Time for jux1 LAL = 202.123991


jux1 LAL finished.


jux1 mTAL start
jux1 mTAL cell number: 20
jux1 mTAL cell number: 40
jux1 mTAL cell number: 60
jux1 mTAL cell number: 80
jux1 mTAL cell number: 100
jux1 mTAL cell number: 120
jux1 mTAL cell number: 140
jux1 mTAL cell number: 160
jux1 mTAL cell number: 180
Computation Time for jux1 mTAL = 123.219954


jux1 mTAL finished.


jux1 cTAL start
jux1 cTAL cell number: 20
jux1 cTAL cell number: 40
jux1 cTAL cell number: 60
jux1 cTAL cell number: 80
jux1 cTAL cell number: 100
jux1 cTAL cell number: 120
jux1 cTAL cell number: 140
jux1 cTAL cell number: 160
jux1 cTAL cell number: 180
Computation Time for jux1 cTAL = 90.111991


jux1 cTAL finished.


jux1 DCT start
jux1 DCT cell number: 20
jux1 DCT cell number: 40
jux1 DCT cell number: 60
jux1 DCT cell number: 80
jux1 DCT cell number: 100
jux1 DCT cell number: 120
jux1 DCT cell number: 140
jux1 DCT cell number: 160
jux1 DCT cell number: 180
Computation Time for jux1 DCT = 107.873399


jux1 DCT finished.


jux1 CNT start
jux1 CNT cell number: 20
jux1 CNT cell number: 40
jux1 CNT cell number: 60
jux1 CNT cell number: 80
jux1 CNT cell number: 100
jux1 CNT cell number: 120
jux1 CNT cell number: 140
jux1 CNT cell number: 160
jux1 CNT cell number: 180
Computation Time for jux1 CNT = 2339.175444


jux1 CNT finished.
jux1 finished.


jux2 PCT start
jux2 PT cell number: 20
jux2 PT cell number: 40
jux2 PT cell number: 60
jux2 PT cell number: 80
jux2 PT cell number: 100
jux2 PT cell number: 120
jux2 PT cell number: 140
jux2 PT cell number: 160
Computation Time for jux2 PT = 32.838522


jux2 PCT finished.


jux2 S3 start
jux2 S3 cell number: 20
Computation Time for jux2 S3 = 13.164579


jux2 S3 finished.


jux2 SDL start
jux2 SDL cell number: 20
jux2 SDL cell number: 40
jux2 SDL cell number: 60
jux2 SDL cell number: 80
jux2 SDL cell number: 100
jux2 SDL cell number: 120
jux2 SDL cell number: 140
jux2 SDL cell number: 160
jux2 SDL cell number: 180
Computation Time for jux2 SDL = 28.267916


jux2 SDL finished.


jux2 LDL start
Warning!!: Newton solver did not converge in <150 iterations in jux2 LDL cell number 3

error size: 0.63545981091


jux2 LDL cell number: 20
jux2 LDL cell number: 40
Warning!!: Newton solver did not converge in <150 iterations in jux2 LDL cell number 46

error size: 1.92503993154


Warning!!: Newton solver did not converge in <150 iterations in jux2 LDL cell number 47

error size: 1.97007883589


Warning!!: Newton solver did not converge in <150 iterations in jux2 LDL cell number 48

error size: 2.01185330903


Warning!!: Newton solver did not converge in <150 iterations in jux2 LDL cell number 49

error size: 1.88051896351


Warning!!: Newton solver did not converge in <150 iterations in jux2 LDL cell number 50

error size: 1.91340380461


Warning!!: Newton solver did not converge in <150 iterations in jux2 LDL cell number 51

error size: 1.94383854105


Warning!!: Newton solver did not converge in <150 iterations in jux2 LDL cell number 52

error size: 1.97198472624


Warning!!: Newton solver did not converge in <150 iterations in jux2 LDL cell number 53

error size: 1.99799456641


Warning!!: Newton solver did not converge in <150 iterations in jux2 LDL cell number 54

error size: 2.02201122888


Warning!!: Newton solver did not converge in <150 iterations in jux2 LDL cell number 55

error size: 2.04416920785


jux2 LDL cell number: 60
jux2 LDL cell number: 80
jux2 LDL cell number: 100
jux2 LDL cell number: 120
jux2 LDL cell number: 140
jux2 LDL cell number: 160
jux2 LDL cell number: 180
Computation Time for jux2 LDL = 339.996016


jux2 LDL finished.


jux2 LAL start
jux2 LAL cell number: 20
jux2 LAL cell number: 40
jux2 LAL cell number: 60
Warning!!: Newton solver did not converge in <150 iterations in jux2 LAL cell number 75

error size: 0.755520199106


Warning!!: Newton solver did not converge in <150 iterations in jux2 LAL cell number 76

error size: 0.755254402387


jux2 LAL cell number: 80
jux2 LAL cell number: 100
Warning!!: Newton solver did not converge in <150 iterations in jux2 LAL cell number 108

error size: 0.0352145173088


Warning!!: Newton solver did not converge in <150 iterations in jux2 LAL cell number 109

error size: 1.39632926575


Warning!!: Newton solver did not converge in <150 iterations in jux2 LAL cell number 110

error size: 1.39731836284


jux2 LAL cell number: 120
jux2 LAL cell number: 140
jux2 LAL cell number: 160
jux2 LAL cell number: 180
Computation Time for jux2 LAL = 202.227980


jux2 LAL finished.


jux2 mTAL start
Warning!!: Newton solver did not converge in <150 iterations in jux2 mTAL cell number 11

error size: 0.237322871904


jux2 mTAL cell number: 20
jux2 mTAL cell number: 40
jux2 mTAL cell number: 60
jux2 mTAL cell number: 80
jux2 mTAL cell number: 100
jux2 mTAL cell number: 120
jux2 mTAL cell number: 140
jux2 mTAL cell number: 160
jux2 mTAL cell number: 180
Computation Time for jux2 mTAL = 143.991416


jux2 mTAL finished.


jux2 cTAL start
jux2 cTAL cell number: 20
jux2 cTAL cell number: 40
jux2 cTAL cell number: 60
jux2 cTAL cell number: 80
jux2 cTAL cell number: 100
jux2 cTAL cell number: 120
jux2 cTAL cell number: 140
jux2 cTAL cell number: 160
jux2 cTAL cell number: 180
Computation Time for jux2 cTAL = 99.539958


jux2 cTAL finished.


jux2 DCT start
jux2 DCT cell number: 20
jux2 DCT cell number: 40
jux2 DCT cell number: 60
jux2 DCT cell number: 80
jux2 DCT cell number: 100
jux2 DCT cell number: 120
jux2 DCT cell number: 140
jux2 DCT cell number: 160
jux2 DCT cell number: 180
Computation Time for jux2 DCT = 94.970299


jux2 DCT finished.


jux2 CNT start
jux2 CNT cell number: 20
jux2 CNT cell number: 40
jux2 CNT cell number: 60
jux2 CNT cell number: 80
jux2 CNT cell number: 100
jux2 CNT cell number: 120
jux2 CNT cell number: 140
jux2 CNT cell number: 160
jux2 CNT cell number: 180
Computation Time for jux2 CNT = 2305.572381


jux2 CNT finished.
jux2 finished.


jux3 PCT start
jux3 PT cell number: 20
jux3 PT cell number: 40
jux3 PT cell number: 60
jux3 PT cell number: 80
jux3 PT cell number: 100
jux3 PT cell number: 120
jux3 PT cell number: 140
jux3 PT cell number: 160
Computation Time for jux3 PT = 36.687969


jux3 PCT finished.


jux3 S3 start
jux3 S3 cell number: 20
Computation Time for jux3 S3 = 12.657764


jux3 S3 finished.


jux3 SDL start
jux3 SDL cell number: 20
jux3 SDL cell number: 40
jux3 SDL cell number: 60
jux3 SDL cell number: 80
jux3 SDL cell number: 100
jux3 SDL cell number: 120
jux3 SDL cell number: 140
jux3 SDL cell number: 160
jux3 SDL cell number: 180
Computation Time for jux3 SDL = 28.149439


jux3 SDL finished.


jux3 LDL start
Warning!!: Newton solver did not converge in <150 iterations in jux3 LDL cell number 3

error size: 2.01276330046


Warning!!: Newton solver did not converge in <150 iterations in jux3 LDL cell number 4

error size: 3.90827062075


jux3 LDL cell number: 20
Warning!!: Newton solver did not converge in <150 iterations in jux3 LDL cell number 31

error size: 0.180193131524


Warning!!: Newton solver did not converge in <150 iterations in jux3 LDL cell number 32

error size: 1.99692178181


Warning!!: Newton solver did not converge in <150 iterations in jux3 LDL cell number 33

error size: 1.88379631209


Warning!!: Newton solver did not converge in <150 iterations in jux3 LDL cell number 34

error size: 1.93067814736


Warning!!: Newton solver did not converge in <150 iterations in jux3 LDL cell number 35

error size: 1.97249131214


Warning!!: Newton solver did not converge in <150 iterations in jux3 LDL cell number 36

error size: 2.00971915813


Warning!!: Newton solver did not converge in <150 iterations in jux3 LDL cell number 37

error size: 2.04280432528


jux3 LDL cell number: 40
jux3 LDL cell number: 60
jux3 LDL cell number: 80
jux3 LDL cell number: 100
jux3 LDL cell number: 120
jux3 LDL cell number: 140
jux3 LDL cell number: 160
jux3 LDL cell number: 180
Computation Time for jux3 LDL = 296.100083


jux3 LDL finished.


jux3 LAL start
Warning!!: Newton solver did not converge in <150 iterations in jux3 LAL cell number 12

error size: 0.0221553455987


Warning!!: Newton solver did not converge in <150 iterations in jux3 LAL cell number 13

error size: 0.0295056098766


jux3 LAL cell number: 20
jux3 LAL cell number: 40
Warning!!: Newton solver did not converge in <150 iterations in jux3 LAL cell number 44

error size: 0.0365015620221


jux3 LAL cell number: 60
Warning!!: Newton solver did not converge in <150 iterations in jux3 LAL cell number 61

error size: 1.30432980159


Warning!!: Newton solver did not converge in <150 iterations in jux3 LAL cell number 62

error size: 1.30451600872


Warning!!: Newton solver did not converge in <150 iterations in jux3 LAL cell number 63

error size: 1.30577752543


jux3 LAL cell number: 80
jux3 LAL cell number: 100
jux3 LAL cell number: 120
jux3 LAL cell number: 140
Warning!!: Newton solver did not converge in <150 iterations in jux3 LAL cell number 152

error size: 0.0330760713083


Warning!!: Newton solver did not converge in <150 iterations in jux3 LAL cell number 153

error size: 0.0330413169105


jux3 LAL cell number: 160
jux3 LAL cell number: 180
Computation Time for jux3 LAL = 263.048897


jux3 LAL finished.


jux3 mTAL start
jux3 mTAL cell number: 20
jux3 mTAL cell number: 40
jux3 mTAL cell number: 60
jux3 mTAL cell number: 80
jux3 mTAL cell number: 100
jux3 mTAL cell number: 120
jux3 mTAL cell number: 140
jux3 mTAL cell number: 160
jux3 mTAL cell number: 180
Computation Time for jux3 mTAL = 124.755440


jux3 mTAL finished.


jux3 cTAL start
jux3 cTAL cell number: 20
jux3 cTAL cell number: 40
jux3 cTAL cell number: 60
jux3 cTAL cell number: 80
jux3 cTAL cell number: 100
jux3 cTAL cell number: 120
jux3 cTAL cell number: 140
jux3 cTAL cell number: 160
jux3 cTAL cell number: 180
Computation Time for jux3 cTAL = 98.423967


jux3 cTAL finished.


jux3 DCT start
jux3 DCT cell number: 20
jux3 DCT cell number: 40
jux3 DCT cell number: 60
jux3 DCT cell number: 80
jux3 DCT cell number: 100
jux3 DCT cell number: 120
jux3 DCT cell number: 140
jux3 DCT cell number: 160
jux3 DCT cell number: 180
Computation Time for jux3 DCT = 95.212023


jux3 DCT finished.


jux3 CNT start
jux3 CNT cell number: 20
jux3 CNT cell number: 40
jux3 CNT cell number: 60
jux3 CNT cell number: 80
jux3 CNT cell number: 100
jux3 CNT cell number: 120
jux3 CNT cell number: 140
jux3 CNT cell number: 160
jux3 CNT cell number: 180
Computation Time for jux3 CNT = 2351.820243


jux3 CNT finished.
jux3 finished.


jux4 PCT start
jux4 PT cell number: 20
jux4 PT cell number: 40
jux4 PT cell number: 60
jux4 PT cell number: 80
jux4 PT cell number: 100
jux4 PT cell number: 120
jux4 PT cell number: 140
jux4 PT cell number: 160
Computation Time for jux4 PT = 34.755606


jux4 PCT finished.


jux4 S3 start
jux4 S3 cell number: 20
Computation Time for jux4 S3 = 12.512900


jux4 S3 finished.


jux4 SDL start
jux4 SDL cell number: 20
jux4 SDL cell number: 40
jux4 SDL cell number: 60
jux4 SDL cell number: 80
jux4 SDL cell number: 100
jux4 SDL cell number: 120
jux4 SDL cell number: 140
jux4 SDL cell number: 160
jux4 SDL cell number: 180
Computation Time for jux4 SDL = 30.474062


jux4 SDL finished.


jux4 LDL start
Warning!!: Newton solver did not converge in <150 iterations in jux4 LDL cell number 3

error size: 3.9935153233


jux4 LDL cell number: 20
Warning!!: Newton solver did not converge in <150 iterations in jux4 LDL cell number 23

error size: 0.176578028935


Warning!!: Newton solver did not converge in <150 iterations in jux4 LDL cell number 24

error size: 0.184839383528


Warning!!: Newton solver did not converge in <150 iterations in jux4 LDL cell number 25

error size: 1.88729684398


Warning!!: Newton solver did not converge in <150 iterations in jux4 LDL cell number 26

error size: 1.9467386593


Warning!!: Newton solver did not converge in <150 iterations in jux4 LDL cell number 27

error size: 1.99787820992


Warning!!: Newton solver did not converge in <150 iterations in jux4 LDL cell number 28

error size: 2.0417349133


jux4 LDL cell number: 40
jux4 LDL cell number: 60
Warning!!: Newton solver did not converge in <150 iterations in jux4 LDL cell number 71

error size: 0.0439755519482


Warning!!: Newton solver did not converge in <150 iterations in jux4 LDL cell number 72

error size: 0.0440742211284


Warning!!: Newton solver did not converge in <150 iterations in jux4 LDL cell number 73

error size: 4.57991785073


Warning!!: Newton solver did not converge in <150 iterations in jux4 LDL cell number 74

error size: 4.59003101879


Warning!!: Newton solver did not converge in <150 iterations in jux4 LDL cell number 75

error size: 4.60009257233


Warning!!: Newton solver did not converge in <150 iterations in jux4 LDL cell number 76

error size: 4.61010431147


Warning!!: Newton solver did not converge in <150 iterations in jux4 LDL cell number 77

error size: 4.62006797321


Warning!!: Newton solver did not converge in <150 iterations in jux4 LDL cell number 78

error size: 4.62998518381


jux4 LDL cell number: 80
jux4 LDL cell number: 100
jux4 LDL cell number: 120
jux4 LDL cell number: 140
jux4 LDL cell number: 160
jux4 LDL cell number: 180
Computation Time for jux4 LDL = 428.892168


jux4 LDL finished.


jux4 LAL start
Warning!!: Newton solver did not converge in <150 iterations in jux4 LAL cell number 7

error size: 0.0160345334648


jux4 LAL cell number: 20
jux4 LAL cell number: 40
Warning!!: Newton solver did not converge in <150 iterations in jux4 LAL cell number 41

error size: 1.22464650534


Warning!!: Newton solver did not converge in <150 iterations in jux4 LAL cell number 42

error size: 1.22530585626


jux4 LAL cell number: 60
jux4 LAL cell number: 80
jux4 LAL cell number: 100
jux4 LAL cell number: 120
jux4 LAL cell number: 140
jux4 LAL cell number: 160
Warning!!: Newton solver did not converge in <150 iterations in jux4 LAL cell number 166

error size: 0.0324456777968


Warning!!: Newton solver did not converge in <150 iterations in jux4 LAL cell number 167

error size: 0.0323993140203


jux4 LAL cell number: 180
Computation Time for jux4 LAL = 204.867601


jux4 LAL finished.


jux4 mTAL start
jux4 mTAL cell number: 20
jux4 mTAL cell number: 40
jux4 mTAL cell number: 60
jux4 mTAL cell number: 80
jux4 mTAL cell number: 100
jux4 mTAL cell number: 120
jux4 mTAL cell number: 140
jux4 mTAL cell number: 160
jux4 mTAL cell number: 180
Computation Time for jux4 mTAL = 130.079949


jux4 mTAL finished.


jux4 cTAL start
jux4 cTAL cell number: 20
jux4 cTAL cell number: 40
jux4 cTAL cell number: 60
jux4 cTAL cell number: 80
jux4 cTAL cell number: 100
jux4 cTAL cell number: 120
jux4 cTAL cell number: 140
jux4 cTAL cell number: 160
jux4 cTAL cell number: 180
Computation Time for jux4 cTAL = 102.685209


jux4 cTAL finished.


jux4 DCT start
jux4 DCT cell number: 20
jux4 DCT cell number: 40
jux4 DCT cell number: 60
jux4 DCT cell number: 80
jux4 DCT cell number: 100
jux4 DCT cell number: 120
jux4 DCT cell number: 140
jux4 DCT cell number: 160
jux4 DCT cell number: 180
Computation Time for jux4 DCT = 102.776027


jux4 DCT finished.


jux4 CNT start
jux4 CNT cell number: 20
jux4 CNT cell number: 40
jux4 CNT cell number: 60
jux4 CNT cell number: 80
jux4 CNT cell number: 100
jux4 CNT cell number: 120
jux4 CNT cell number: 140
jux4 CNT cell number: 160
jux4 CNT cell number: 180
Computation Time for jux4 CNT = 2397.934978


jux4 CNT finished.
jux4 finished.


jux5 PCT start
jux5 PT cell number: 20
jux5 PT cell number: 40
jux5 PT cell number: 60
jux5 PT cell number: 80
jux5 PT cell number: 100
jux5 PT cell number: 120
jux5 PT cell number: 140
jux5 PT cell number: 160
Computation Time for jux5 PT = 32.855636


jux5 PCT finished.


jux5 S3 start
jux5 S3 cell number: 20
Computation Time for jux5 S3 = 12.299984


jux5 S3 finished.


jux5 SDL start
jux5 SDL cell number: 20
jux5 SDL cell number: 40
jux5 SDL cell number: 60
jux5 SDL cell number: 80
jux5 SDL cell number: 100
jux5 SDL cell number: 120
jux5 SDL cell number: 140
jux5 SDL cell number: 160
jux5 SDL cell number: 180
Computation Time for jux5 SDL = 28.494533


jux5 SDL finished.


jux5 LDL start
jux5 LDL cell number: 20
Warning!!: Newton solver did not converge in <150 iterations in jux5 LDL cell number 19

error size: 0.181693311429


Warning!!: Newton solver did not converge in <150 iterations in jux5 LDL cell number 20

error size: 1.87539777929


Warning!!: Newton solver did not converge in <150 iterations in jux5 LDL cell number 21

error size: 1.94854720919


Warning!!: Newton solver did not converge in <150 iterations in jux5 LDL cell number 22

error size: 2.00951133725


jux5 LDL cell number: 40
Warning!!: Newton solver did not converge in <150 iterations in jux5 LDL cell number 56

error size: 4.59352251712


Warning!!: Newton solver did not converge in <150 iterations in jux5 LDL cell number 57

error size: 0.0440340612751


Warning!!: Newton solver did not converge in <150 iterations in jux5 LDL cell number 58

error size: 4.57803302232


jux5 LDL cell number: 60
Warning!!: Newton solver did not converge in <150 iterations in jux5 LDL cell number 59

error size: 4.59072031812


Warning!!: Newton solver did not converge in <150 iterations in jux5 LDL cell number 60

error size: 4.60332089532


Warning!!: Newton solver did not converge in <150 iterations in jux5 LDL cell number 61

error size: 4.61583948635


Warning!!: Newton solver did not converge in <150 iterations in jux5 LDL cell number 62

error size: 4.62828030833


Warning!!: Newton solver did not converge in <150 iterations in jux5 LDL cell number 63

error size: 4.6406470725


Warning!!: Newton solver did not converge in <150 iterations in jux5 LDL cell number 64

error size: 4.65294301381


Warning!!: Newton solver did not converge in <150 iterations in jux5 LDL cell number 65

error size: 4.66517096056


Warning!!: Newton solver did not converge in <150 iterations in jux5 LDL cell number 66

error size: 4.67733336282


Warning!!: Newton solver did not converge in <150 iterations in jux5 LDL cell number 67

error size: 4.68943234683


Warning!!: Newton solver did not converge in <150 iterations in jux5 LDL cell number 68

error size: 0.43585195498


Warning!!: Newton solver did not converge in <150 iterations in jux5 LDL cell number 69

error size: 0.43696272533


Warning!!: Newton solver did not converge in <150 iterations in jux5 LDL cell number 70

error size: 0.438067729311


Warning!!: Newton solver did not converge in <150 iterations in jux5 LDL cell number 71

error size: 0.439167191327


Warning!!: Newton solver did not converge in <150 iterations in jux5 LDL cell number 72

error size: 0.444437269057


Warning!!: Newton solver did not converge in <150 iterations in jux5 LDL cell number 73

error size: 4.36728734589


Warning!!: Newton solver did not converge in <150 iterations in jux5 LDL cell number 74

error size: 4.37800776993


jux5 LDL cell number: 80
jux5 LDL cell number: 100
jux5 LDL cell number: 120
jux5 LDL cell number: 140
jux5 LDL cell number: 160
jux5 LDL cell number: 180
Computation Time for jux5 LDL = 607.112946


jux5 LDL finished.


jux5 LAL start
Warning!!: Newton solver did not converge in <150 iterations in jux5 LAL cell number 6

error size: 0.0170240904662


jux5 LAL cell number: 20
Warning!!: Newton solver did not converge in <150 iterations in jux5 LAL cell number 31

error size: 1.1547906201


jux5 LAL cell number: 40
jux5 LAL cell number: 60
jux5 LAL cell number: 80
jux5 LAL cell number: 100
jux5 LAL cell number: 120
jux5 LAL cell number: 140
jux5 LAL cell number: 160
Warning!!: Newton solver did not converge in <150 iterations in jux5 LAL cell number 174

error size: 0.0318669706929


Warning!!: Newton solver did not converge in <150 iterations in jux5 LAL cell number 175

error size: 0.0318087087717


jux5 LAL cell number: 180
Computation Time for jux5 LAL = 185.408389


jux5 LAL finished.


jux5 mTAL start
jux5 mTAL cell number: 20
jux5 mTAL cell number: 40
jux5 mTAL cell number: 60
jux5 mTAL cell number: 80
jux5 mTAL cell number: 100
jux5 mTAL cell number: 120
jux5 mTAL cell number: 140
jux5 mTAL cell number: 160
jux5 mTAL cell number: 180
Computation Time for jux5 mTAL = 128.088629


jux5 mTAL finished.


jux5 cTAL start
jux5 cTAL cell number: 20
jux5 cTAL cell number: 40
jux5 cTAL cell number: 60
jux5 cTAL cell number: 80
jux5 cTAL cell number: 100
jux5 cTAL cell number: 120
jux5 cTAL cell number: 140
jux5 cTAL cell number: 160
jux5 cTAL cell number: 180
Computation Time for jux5 cTAL = 101.990140


jux5 cTAL finished.


jux5 DCT start
jux5 DCT cell number: 20
jux5 DCT cell number: 40
jux5 DCT cell number: 60
jux5 DCT cell number: 80
jux5 DCT cell number: 100
jux5 DCT cell number: 120
jux5 DCT cell number: 140
jux5 DCT cell number: 160
jux5 DCT cell number: 180
Computation Time for jux5 DCT = 103.743742


jux5 DCT finished.


jux5 CNT start
jux5 CNT cell number: 20
jux5 CNT cell number: 40
jux5 CNT cell number: 60
jux5 CNT cell number: 80
jux5 CNT cell number: 100
jux5 CNT cell number: 120
jux5 CNT cell number: 140
jux5 CNT cell number: 160
jux5 CNT cell number: 180
Computation Time for jux5 CNT = 2301.864627


jux5 CNT finished.
jux5 finished.


Traceback (most recent call last):
  File "parallel_simulate.py", line 95, in <module>
    ccd=compute(NCCD,filename,'Newton',diabete=diabete,species=species,sup_or_multi=sup_or_multi,inhibition = inhib,unx = unx, preg=preg, HT=HT)
  File "/u/mstadt/SGLTi/code/LaytonLabnephron/driver.py", line 64, in compute
    set_params.read_params(cell[i],filename,i)
  File "/u/mstadt/SGLTi/code/LaytonLabnephron/set_params.py", line 511, in read_params
    cell.h[0,0,4] = emp_rat*1.0e3 # male PNa
NameError: name 'emp_rat' is not defined
